<?xml version="1.0" encoding="UTF-8"?>
<testsuite xmlns:xsi="http://www.w3.org/2001/XMLSchema-instance" xsi:noNamespaceSchemaLocation="https://maven.apache.org/surefire/maven-surefire-plugin/xsd/surefire-test-report.xsd" version="3.0.2" name="TestSuite" time="9.043" tests="4" errors="0" skipped="0" failures="0">
  <properties>
[...]
</properties>
  <testcase name="testpostuser" classname="api.testcases.User_TestCase2" time="3.029">
    <system-out><![CDATA[2025-05-18T16:24:34.067372700Z main INFO Starting configuration XmlConfiguration[location=C:\eclipse-workspace\RestAssured_TestNG_Framework\target\test-classes\log4j2.xml, lastModified=2024-12-10T17:53:47.086Z]...
2025-05-18T16:24:34.067372700Z main INFO Start watching for changes to C:\eclipse-workspace\RestAssured_TestNG_Framework\target\test-classes\log4j2.xml every 0 seconds
2025-05-18T16:24:34.067372700Z main INFO Configuration XmlConfiguration[location=C:\eclipse-workspace\RestAssured_TestNG_Framework\target\test-classes\log4j2.xml, lastModified=2024-12-10T17:53:47.086Z] started.
2025-05-18T16:24:34.067372700Z main INFO Stopping configuration org.apache.logging.log4j.core.config.DefaultConfiguration@635eaaf1...
2025-05-18T16:24:34.067372700Z main INFO Configuration org.apache.logging.log4j.core.config.DefaultConfiguration@635eaaf1 stopped.
HTTP/1.1 200 OK
Date: Sun, 18 May 2025 16:24:37 GMT
Content-Type: application/json
Transfer-Encoding: chunked
Connection: keep-alive
Access-Control-Allow-Origin: *
Access-Control-Allow-Methods: GET, POST, DELETE, PUT
Access-Control-Allow-Headers: Content-Type, api_key, Authorization
Server: Jetty(9.2.9.v20150224)

{
    "code": 200,
    "type": "unknown",
    "message": "1189651769"
}
]]></system-out>
  </testcase>
  <testcase name="getUserByName" classname="api.testcases.User_TestCase2" time="1.509">
    <system-out><![CDATA[HTTP/1.1 200 OK
Date: Sun, 18 May 2025 16:24:38 GMT
Content-Type: application/json
Transfer-Encoding: chunked
Connection: keep-alive
Access-Control-Allow-Origin: *
Access-Control-Allow-Methods: GET, POST, DELETE, PUT
Access-Control-Allow-Headers: Content-Type, api_key, Authorization
Server: Jetty(9.2.9.v20150224)

{
    "id": 1189651769,
    "username": "elnora.parker",
    "firstName": "Jerrold",
    "lastName": "Ebert",
    "email": "sherwood.white@example.com",
    "password": "gymve",
    "phone": "222-236-2036",
    "userStatus": 0
}
]]></system-out>
  </testcase>
  <testcase name="UpdateUser" classname="api.testcases.User_TestCase2" time="1.541">
    <system-out><![CDATA[{
    "code": 200,
    "type": "unknown",
    "message": "1189651769"
}
]]></system-out>
  </testcase>
  <testcase name="deleteUser" classname="api.testcases.User_TestCase2" time="1.424">
    <system-out><![CDATA[{
    "code": 200,
    "type": "unknown",
    "message": "elnora.parker"
}
]]></system-out>
  </testcase>
</testsuite>